<?xml version="1.0" encoding="UTF-8"?>
<!-- Generated by org.testng.reporters.JUnitReportReporter -->
<testsuite hostname="SKhalil-TN" failures="0" tests="1" name="com.todos.tests.AddTodoTest" time="8.768" errors="0" timestamp="1 May 2021 00:05:35 GMT">
  <testcase classname="com.todos.tests.AddTodoTest" name="iCanAddTodo" time="8.768"/>
</testsuite> <!-- com.todos.tests.AddTodoTest -->
